\BOOKMARK [1][-]{section.1}{\376\377\000I\000n\000t\000r\000o\000d\000u\000c\000c\000i\000\363\000n}{}% 1
\BOOKMARK [1][-]{section.2}{\376\377\000C\000r\000i\000t\000e\000r\000i\000o\000s\000\040\000d\000e\000\040\000d\000u\000r\000a\000c\000i\000\363\000n\000\040\000d\000e\000\040\000A\000c\000t\000i\000v\000i\000d\000a\000d\000e\000s}{}% 2
\BOOKMARK [2][-]{subsection.2.1}{\376\377\000V\000i\000a\000l\000i\000d\000a\000d}{section.2}% 3
\BOOKMARK [3][-]{subsubsection.2.1.1}{\376\377\000R\000e\000m\000o\000c\000i\000\363\000n\000\040\000d\000e\000\040\000P\000a\000v\000i\000m\000e\000n\000t\000o\000\040\000d\000e\000\040\000H\000o\000r\000m\000i\000g\000\363\000n\000\040\000\050\000m\000\262\000\051}{subsection.2.1}% 4
\BOOKMARK [3][-]{subsubsection.2.1.2}{\376\377\000R\000e\000m\000o\000c\000i\000\363\000n\000\040\000d\000e\000\040\000P\000a\000v\000i\000m\000e\000n\000t\000o\000\040\000A\000s\000f\000\341\000l\000t\000i\000c\000o\000\040\000\050\000m\000\262\000\051}{subsection.2.1}% 5
\BOOKMARK [3][-]{subsubsection.2.1.3}{\376\377\000E\000x\000c\000a\000v\000a\000c\000i\000\363\000n\000\040\000e\000n\000\040\000T\000e\000r\000r\000e\000n\000o\000\040\000d\000e\000\040\000C\000u\000a\000l\000q\000u\000i\000e\000r\000\040\000N\000a\000t\000u\000r\000a\000l\000e\000z\000a\000\040\000\050\000T\000C\000N\000\051\000\040\000\050\000m\000\263\000\051}{subsection.2.1}% 6
\BOOKMARK [3][-]{subsubsection.2.1.4}{\376\377\000F\000o\000r\000m\000a\000c\000i\000\363\000n\000\040\000y\000\040\000C\000o\000n\000s\000t\000r\000u\000c\000c\000i\000\363\000n\000\040\000d\000e\000\040\000T\000e\000r\000r\000a\000p\000l\000e\000n\000e\000s\000\040\000\050\000m\000\263\000\051}{subsection.2.1}% 7
\BOOKMARK [3][-]{subsubsection.2.1.5}{\376\377\000S\000u\000b\000\040\000B\000a\000s\000e\000\040\000G\000r\000a\000n\000u\000l\000a\000r\000\040\000C\000B\000R\000\040\0004\0000\000\045\000\040\000\050\000m\000\263\000\051}{subsection.2.1}% 8
\BOOKMARK [3][-]{subsubsection.2.1.6}{\376\377\000B\000a\000s\000e\000\040\000G\000r\000a\000n\000u\000l\000a\000r\000\040\000C\000B\000R\000\040\0008\0000\000\045\000\040\000\050\000m\000\263\000\051}{subsection.2.1}% 9
\BOOKMARK [3][-]{subsubsection.2.1.7}{\376\377\000I\000m\000p\000r\000i\000m\000a\000c\000i\000\363\000n\000\040\000\050\000m\000\262\000\051}{subsection.2.1}% 10
\BOOKMARK [3][-]{subsubsection.2.1.8}{\376\377\000R\000i\000e\000g\000o\000\040\000d\000e\000\040\000L\000i\000g\000a\000\040\000\050\000m\000\262\000\051}{subsection.2.1}% 11
\BOOKMARK [3][-]{subsubsection.2.1.9}{\376\377\000C\000o\000n\000c\000r\000e\000t\000o\000\040\000A\000s\000f\000\341\000l\000t\000i\000c\000o\000,\000\040\000C\000a\000p\000a\000\040\000d\000e\000\040\000R\000o\000d\000a\000d\000u\000r\000a\000\040\000\050\000m\000\263\000\051}{subsection.2.1}% 12
\BOOKMARK [3][-]{subsubsection.2.1.10}{\376\377\000C\000o\000n\000c\000r\000e\000t\000o\000\040\000A\000s\000f\000\341\000l\000t\000i\000c\000o\000,\000\040\000C\000a\000p\000a\000\040\000I\000n\000t\000e\000r\000m\000e\000d\000i\000a\000\040\000\050\000B\000i\000n\000d\000e\000r\000\051\000\040\000\050\000m\000\263\000\051}{subsection.2.1}% 13
\BOOKMARK [3][-]{subsubsection.2.1.11}{\376\377\000A\000c\000e\000r\000a\000s\000\040\000d\000e\000\040\000H\000o\000r\000m\000i\000g\000\363\000n\000\040\000\050\000m\000\262\000\051}{subsection.2.1}% 14
\BOOKMARK [3][-]{subsubsection.2.1.12}{\376\377\000S\000o\000l\000e\000r\000a\000\040\000T\000i\000p\000o\000\040\000A\000\040\000\050\000m\000\051}{subsection.2.1}% 15
\BOOKMARK [3][-]{subsubsection.2.1.13}{\376\377\000S\000e\000\361\000a\000l\000\040\000V\000e\000r\000t\000i\000c\000a\000l\000\040\000L\000a\000t\000e\000r\000a\000l\000\040\000T\000i\000p\000o\000\040\0002\000\040\000\050\000U\000N\000\051}{subsection.2.1}% 16
\BOOKMARK [3][-]{subsubsection.2.1.14}{\376\377\000S\000e\000\361\000a\000l\000\040\000V\000e\000r\000t\000i\000c\000a\000l\000\040\000L\000a\000t\000e\000r\000a\000l\000\040\000T\000i\000p\000o\000\040\0003\000\040\000\050\000U\000N\000\051}{subsection.2.1}% 17
\BOOKMARK [3][-]{subsubsection.2.1.15}{\376\377\000D\000e\000m\000a\000r\000c\000a\000c\000i\000\363\000n\000,\000\040\000L\000\355\000n\000e\000a\000\040\000D\000e\000\040\000E\000j\000e\000\040\000S\000e\000g\000m\000e\000n\000t\000a\000d\000a\000\040\000\050\000m\000\051}{subsection.2.1}% 18
\BOOKMARK [3][-]{subsubsection.2.1.16}{\376\377\000D\000e\000m\000a\000r\000c\000a\000c\000i\000\363\000n\000,\000\040\000L\000\355\000n\000e\000a\000\040\000L\000a\000t\000e\000r\000a\000l\000\040\000C\000o\000n\000t\000i\000n\000u\000a\000\040\000\050\000m\000\051}{subsection.2.1}% 19
\BOOKMARK [3][-]{subsubsection.2.1.17}{\376\377\000D\000e\000m\000a\000r\000c\000a\000c\000i\000\363\000n\000,\000\040\000L\000\355\000n\000e\000a\000s\000,\000\040\000A\000c\000h\000u\000r\000a\000d\000o\000s\000,\000\040\000S\000\355\000m\000b\000o\000l\000o\000s\000\040\000y\000\040\000L\000e\000y\000e\000n\000d\000a\000s\000\040\000\050\000m\000\262\000\051}{subsection.2.1}% 20
\BOOKMARK [2][-]{subsection.2.2}{\376\377\000E\000s\000t\000r\000u\000c\000t\000u\000r\000a\000l}{section.2}% 21
\BOOKMARK [3][-]{subsubsection.2.2.1}{\376\377\000E\000x\000c\000a\000v\000a\000c\000i\000\363\000n\000\040\000a\000\040\000m\000\341\000q\000u\000i\000n\000a\000\040\000e\000n\000\040\000P\000u\000e\000n\000t\000e\000s\000\040\000y\000\040\000E\000s\000t\000r\000u\000c\000u\000t\000r\000a\000s\000\040\000y\000\040\000R\000e\000l\000l\000e\000n\000o\000\040\000E\000s\000t\000r\000u\000c\000t\000u\000r\000a\000l}{subsection.2.2}% 22
\BOOKMARK [3][-]{subsubsection.2.2.2}{\376\377\000M\000o\000l\000d\000a\000j\000e\000s}{subsection.2.2}% 23
\BOOKMARK [3][-]{subsubsection.2.2.3}{\376\377\000A\000c\000e\000r\000o\000\040\000p\000a\000r\000a\000\040\000a\000r\000m\000a\000d\000u\000r\000a\000s\000\040\000A\0006\0003\000-\0004\0002\000H}{subsection.2.2}% 24
\BOOKMARK [3][-]{subsubsection.2.2.4}{\376\377\000H\000o\000r\000m\000i\000g\000\363\000n\000\040\000G\000-\0005}{subsection.2.2}% 25
\BOOKMARK [3][-]{subsubsection.2.2.5}{\376\377\000H\000o\000r\000m\000i\000g\000\363\000n\000\040\000G\000-\0003\0000\000/\000S\000M}{subsection.2.2}% 26
\BOOKMARK [3][-]{subsubsection.2.2.6}{\376\377\000I\000m\000p\000e\000r\000m\000e\000a\000b\000i\000l\000i\000z\000a\000c\000i\000\363\000n\000\040\000d\000e\000\040\000E\000s\000t\000r\000i\000b\000o\000\040\000y\000\040\000M\000u\000r\000o}{subsection.2.2}% 27
\BOOKMARK [3][-]{subsubsection.2.2.7}{\376\377\000R\000e\000l\000l\000e\000n\000o\000\040\000E\000s\000t\000r\000u\000c\000t\000u\000r\000a\000l\000\040\000P\000e\000r\000m\000e\000a\000b\000l\000e}{subsection.2.2}% 28
\BOOKMARK [1][-]{section.3}{\376\377\000C\000r\000i\000t\000e\000r\000i\000o\000s\000\040\000d\000e\000\040\000r\000e\000l\000a\000c\000i\000\363\000n}{}% 29
\BOOKMARK [1][-]{section.4}{\376\377\000C\000o\000n\000c\000l\000u\000s\000i\000\363\000n}{}% 30
